# JRE version: OpenJDK Runtime Environment (8.0_112-b06) (build 1.8.0_112-release-b06)
# Java VM: OpenJDK 64-Bit Server VM (25.112-b06 mixed mode windows-amd64 compressed oops)
Heap:
 PSYoungGen      total 51200K, used 10061K [0x00000000eab00000, 0x00000000eef00000, 0x0000000100000000)
  eden space 44544K, 13% used [0x00000000eab00000,0x00000000eb102df0,0x00000000ed680000)
  from space 6656K, 58% used [0x00000000ed680000,0x00000000eda509d0,0x00000000edd00000)
  to   space 6144K, 0% used [0x00000000ee900000,0x00000000ee900000,0x00000000eef00000)
 ParOldGen       total 29696K, used 13799K [0x00000000c0000000, 0x00000000c1d00000, 0x00000000eab00000)
  object space 29696K, 46% used [0x00000000c0000000,0x00000000c0d79ea8,0x00000000c1d00000)
 Metaspace       used 34709K, capacity 35294K, committed 35496K, reserved 1079296K
  class space    used 4639K, capacity 4778K, committed 4864K, reserved 1048576K
GC Heap History (10 events):
Event: 23.332 GC heap before
{Heap before GC invocations=12 (full 1):
 PSYoungGen      total 30208K, used 27501K [0x00000000eab00000, 0x00000000ecf80000, 0x0000000100000000)
  eden space 24064K, 100% used [0x00000000eab00000,0x00000000ec280000,0x00000000ec280000)
  from space 6144K, 55% used [0x00000000ec980000,0x00000000eccdb5d0,0x00000000ecf80000)
  to   space 6656K, 0% used [0x00000000ec280000,0x00000000ec280000,0x00000000ec900000)
 ParOldGen       total 29696K, used 7525K [0x00000000c0000000, 0x00000000c1d00000, 0x00000000eab00000)
  object space 29696K, 25% used [0x00000000c0000000,0x00000000c07594d0,0x00000000c1d00000)
 Metaspace       used 25354K, capacity 25754K, committed 25984K, reserved 1071104K
  class space    used 3485K, capacity 3596K, committed 3712K, reserved 1048576K
Event: 23.340 GC heap after
Heap after GC invocations=12 (full 1):
 PSYoungGen      total 30720K, used 2496K [0x00000000eab00000, 0x00000000ed980000, 0x0000000100000000)
  eden space 24064K, 0% used [0x00000000eab00000,0x00000000eab00000,0x00000000ec280000)
  from space 6656K, 37% used [0x00000000ec280000,0x00000000ec4f01a8,0x00000000ec900000)
  to   space 6656K, 0% used [0x00000000ed300000,0x00000000ed300000,0x00000000ed980000)
 ParOldGen       total 29696K, used 9469K [0x00000000c0000000, 0x00000000c1d00000, 0x00000000eab00000)
  object space 29696K, 31% used [0x00000000c0000000,0x00000000c093f540,0x00000000c1d00000)
 Metaspace       used 25354K, capacity 25754K, committed 25984K, reserved 1071104K
  class space    used 3485K, capacity 3596K, committed 3712K, reserved 1048576K
}
Event: 23.908 GC heap before
{Heap before GC invocations=13 (full 1):
 PSYoungGen      total 30720K, used 26560K [0x00000000eab00000, 0x00000000ed980000, 0x0000000100000000)
  eden space 24064K, 100% used [0x00000000eab00000,0x00000000ec280000,0x00000000ec280000)
  from space 6656K, 37% used [0x00000000ec280000,0x00000000ec4f01a8,0x00000000ec900000)
  to   space 6656K, 0% used [0x00000000ed300000,0x00000000ed300000,0x00000000ed980000)
 ParOldGen       total 29696K, used 9469K [0x00000000c0000000, 0x00000000c1d00000, 0x00000000eab00000)
  object space 29696K, 31% used [0x00000000c0000000,0x00000000c093f540,0x00000000c1d00000)
 Metaspace       used 26825K, capacity 27232K, committed 27520K, reserved 1073152K
  class space    used 3741K, capacity 3853K, committed 3968K, reserved 1048576K
Event: 23.913 GC heap after
Heap after GC invocations=13 (full 1):
 PSYoungGen      total 39936K, used 2062K [0x00000000eab00000, 0x00000000ed900000, 0x0000000100000000)
  eden space 33792K, 0% used [0x00000000eab00000,0x00000000eab00000,0x00000000ecc00000)
  from space 6144K, 33% used [0x00000000ed300000,0x00000000ed503a30,0x00000000ed900000)
  to   space 6656K, 0% used [0x00000000ecc00000,0x00000000ecc00000,0x00000000ed280000)
 ParOldGen       total 29696K, used 10578K [0x00000000c0000000, 0x00000000c1d00000, 0x00000000eab00000)
  object space 29696K, 35% used [0x00000000c0000000,0x00000000c0a54830,0x00000000c1d00000)
 Metaspace       used 26825K, capacity 27232K, committed 27520K, reserved 1073152K
  class space    used 3741K, capacity 3853K, committed 3968K, reserved 1048576K
}
Event: 28.395 GC heap before
{Heap before GC invocations=14 (full 1):
 PSYoungGen      total 39936K, used 35854K [0x00000000eab00000, 0x00000000ed900000, 0x0000000100000000)
  eden space 33792K, 100% used [0x00000000eab00000,0x00000000ecc00000,0x00000000ecc00000)
  from space 6144K, 33% used [0x00000000ed300000,0x00000000ed503a30,0x00000000ed900000)
  to   space 6656K, 0% used [0x00000000ecc00000,0x00000000ecc00000,0x00000000ed280000)
 ParOldGen       total 29696K, used 10578K [0x00000000c0000000, 0x00000000c1d00000, 0x00000000eab00000)
  object space 29696K, 35% used [0x00000000c0000000,0x00000000c0a54830,0x00000000c1d00000)
 Metaspace       used 29101K, capacity 29604K, committed 29824K, reserved 1075200K
  class space    used 3958K, capacity 4113K, committed 4224K, reserved 1048576K
Event: 28.403 GC heap after
Heap after GC invocations=14 (full 1):
 PSYoungGen      total 40448K, used 1584K [0x00000000eab00000, 0x00000000ee500000, 0x0000000100000000)
  eden space 33792K, 0% used [0x00000000eab00000,0x00000000eab00000,0x00000000ecc00000)
  from space 6656K, 23% used [0x00000000ecc00000,0x00000000ecd8c298,0x00000000ed280000)
  to   space 6656K, 0% used [0x00000000ede80000,0x00000000ede80000,0x00000000ee500000)
 ParOldGen       total 29696K, used 11023K [0x00000000c0000000, 0x00000000c1d00000, 0x00000000eab00000)
  object space 29696K, 37% used [0x00000000c0000000,0x00000000c0ac3c40,0x00000000c1d00000)
 Metaspace       used 29101K, capacity 29604K, committed 29824K, reserved 1075200K
  class space    used 3958K, capacity 4113K, committed 4224K, reserved 1048576K
}
Event: 57.461 GC heap before
{Heap before GC invocations=15 (full 1):
 PSYoungGen      total 40448K, used 35376K [0x00000000eab00000, 0x00000000ee500000, 0x0000000100000000)
  eden space 33792K, 100% used [0x00000000eab00000,0x00000000ecc00000,0x00000000ecc00000)
  from space 6656K, 23% used [0x00000000ecc00000,0x00000000ecd8c298,0x00000000ed280000)
  to   space 6656K, 0% used [0x00000000ede80000,0x00000000ede80000,0x00000000ee500000)
 ParOldGen       total 29696K, used 11023K [0x00000000c0000000, 0x00000000c1d00000, 0x00000000eab00000)
  object space 29696K, 37% used [0x00000000c0000000,0x00000000c0ac3c40,0x00000000c1d00000)
 Metaspace       used 31687K, capacity 32300K, committed 32640K, reserved 1077248K
  class space    used 4275K, capacity 4441K, committed 4480K, reserved 1048576K
Event: 57.480 GC heap after
Heap after GC invocations=15 (full 1):
 PSYoungGen      total 49664K, used 3817K [0x00000000eab00000, 0x00000000ee380000, 0x0000000100000000)
  eden space 44544K, 0% used [0x00000000eab00000,0x00000000eab00000,0x00000000ed680000)
  from space 5120K, 74% used [0x00000000ede80000,0x00000000ee23a778,0x00000000ee380000)
  to   space 6656K, 0% used [0x00000000ed680000,0x00000000ed680000,0x00000000edd00000)
 ParOldGen       total 29696K, used 11791K [0x00000000c0000000, 0x00000000c1d00000, 0x00000000eab00000)
  object space 29696K, 39% used [0x00000000c0000000,0x00000000c0b83c80,0x00000000c1d00000)
 Metaspace       used 31687K, capacity 32300K, committed 32640K, reserved 1077248K
  class space    used 4275K, capacity 4441K, committed 4480K, reserved 1048576K
}
Event: 60.347 GC heap before
{Heap before GC invocations=16 (full 1):
 PSYoungGen      total 49664K, used 48361K [0x00000000eab00000, 0x00000000ee380000, 0x0000000100000000)
  eden space 44544K, 100% used [0x00000000eab00000,0x00000000ed680000,0x00000000ed680000)
  from space 5120K, 74% used [0x00000000ede80000,0x00000000ee23a778,0x00000000ee380000)
  to   space 6656K, 0% used [0x00000000ed680000,0x00000000ed680000,0x00000000edd00000)
 ParOldGen       total 29696K, used 11791K [0x00000000c0000000, 0x00000000c1d00000, 0x00000000eab00000)
  object space 29696K, 39% used [0x00000000c0000000,0x00000000c0b83c80,0x00000000c1d00000)
 Metaspace       used 34513K, capacity 35198K, committed 35496K, reserved 1079296K
  class space    used 4608K, capacity 4746K, committed 4864K, reserved 1048576K
Event: 60.361 GC heap after
Heap after GC invocations=16 (full 1):
 PSYoungGen      total 51200K, used 3906K [0x00000000eab00000, 0x00000000eef00000, 0x0000000100000000)
  eden space 44544K, 0% used [0x00000000eab00000,0x00000000eab00000,0x00000000ed680000)
  from space 6656K, 58% used [0x00000000ed680000,0x00000000eda509d0,0x00000000edd00000)
  to   space 6144K, 0% used [0x00000000ee900000,0x00000000ee900000,0x00000000eef00000)
 ParOldGen       total 29696K, used 13799K [0x00000000c0000000, 0x00000000c1d00000, 0x00000000eab00000)
  object space 29696K, 46% used [0x00000000c0000000,0x00000000c0d79ea8,0x00000000c1d00000)
 Metaspace       used 34513K, capacity 35198K, committed 35496K, reserved 1079296K
  class space    used 4608K, capacity 4746K, committed 4864K, reserved 1048576K
}

